2014-02-20 10:51:41,918 - [INFO] - from play in pool-4-thread-5 
Listening for HTTP on /0:0:0:0:0:0:0:0:9000

2014-02-20 10:52:07,244 - [INFO] - from play in play-internal-execution-context-1 
database [default] connected at jdbc:mysql://localhost/orcadsystem?characterEncoding=UTF-8

2014-02-20 10:52:07,556 - [ERROR] - from application in New I/O worker #1 


! @6han5pjlp - Internal server error, for (GET) [/] ->

play.api.UnexpectedException: Unexpected exception[RuntimeException: Could not find id property for email]
	at play.core.ReloadableApplication$$anonfun$get$1$$anonfun$apply$1$$anonfun$1.apply(ApplicationProvider.scala:148) ~[play_2.10.jar:2.2.1]
	at play.core.ReloadableApplication$$anonfun$get$1$$anonfun$apply$1$$anonfun$1.apply(ApplicationProvider.scala:112) ~[play_2.10.jar:2.2.1]
	at scala.Option.map(Option.scala:145) ~[scala-library.jar:na]
	at play.core.ReloadableApplication$$anonfun$get$1$$anonfun$apply$1.apply(ApplicationProvider.scala:112) ~[play_2.10.jar:2.2.1]
	at play.core.ReloadableApplication$$anonfun$get$1$$anonfun$apply$1.apply(ApplicationProvider.scala:110) ~[play_2.10.jar:2.2.1]
	at scala.util.Success.flatMap(Try.scala:200) ~[scala-library.jar:na]
	at play.core.ReloadableApplication$$anonfun$get$1.apply(ApplicationProvider.scala:110) ~[play_2.10.jar:2.2.1]
	at play.core.ReloadableApplication$$anonfun$get$1.apply(ApplicationProvider.scala:102) ~[play_2.10.jar:2.2.1]
	at scala.concurrent.impl.Future$PromiseCompletingRunnable.liftedTree1$1(Future.scala:24) ~[scala-library.jar:na]
	at scala.concurrent.impl.Future$PromiseCompletingRunnable.run(Future.scala:24) ~[scala-library.jar:na]
	at scala.concurrent.forkjoin.ForkJoinTask$AdaptedRunnableAction.exec(ForkJoinTask.java:1361) ~[scala-library.jar:na]
	at scala.concurrent.forkjoin.ForkJoinTask.doExec(ForkJoinTask.java:260) ~[scala-library.jar:na]
	at scala.concurrent.forkjoin.ForkJoinPool$WorkQueue.runTask(ForkJoinPool.java:1339) ~[scala-library.jar:na]
	at scala.concurrent.forkjoin.ForkJoinPool.runWorker(ForkJoinPool.java:1979) ~[scala-library.jar:na]
	at scala.concurrent.forkjoin.ForkJoinWorkerThread.run(ForkJoinWorkerThread.java:107) ~[scala-library.jar:na]
Caused by: java.lang.RuntimeException: Could not find id property for email
	at com.avaje.ebeaninternal.server.ddl.CreateIntersectionTable.addColumn(CreateIntersectionTable.java:161) ~[avaje-ebeanorm.jar:na]
	at com.avaje.ebeaninternal.server.ddl.CreateIntersectionTable.buildCreateTable(CreateIntersectionTable.java:142) ~[avaje-ebeanorm.jar:na]
	at com.avaje.ebeaninternal.server.ddl.CreateIntersectionTable.build(CreateIntersectionTable.java:42) ~[avaje-ebeanorm.jar:na]
	at com.avaje.ebeaninternal.server.ddl.CreateTableColumnVisitor.visitMany(CreateTableColumnVisitor.java:52) ~[avaje-ebeanorm.jar:na]
	at com.avaje.ebeaninternal.server.ddl.VisitorUtil.visit(VisitorUtil.java:93) ~[avaje-ebeanorm.jar:na]
	at com.avaje.ebeaninternal.server.ddl.VisitorUtil.visit(VisitorUtil.java:73) ~[avaje-ebeanorm.jar:na]
	at com.avaje.ebeaninternal.server.ddl.VisitorUtil.visitBean(VisitorUtil.java:62) ~[avaje-ebeanorm.jar:na]
	at com.avaje.ebeaninternal.server.ddl.VisitorUtil.visit(VisitorUtil.java:36) ~[avaje-ebeanorm.jar:na]
	at com.avaje.ebeaninternal.server.ddl.VisitorUtil.visit(VisitorUtil.java:22) ~[avaje-ebeanorm.jar:na]
	at com.avaje.ebeaninternal.server.ddl.DdlGenerator.generateCreateDdl(DdlGenerator.java:144) ~[avaje-ebeanorm.jar:na]
	at play.db.ebean.EbeanPlugin.generateEvolutionScript(EbeanPlugin.java:107) ~[play-java-ebean_2.10.jar:2.2.1]
	at play.db.ebean.EbeanPlugin.onStart(EbeanPlugin.java:85) ~[play-java-ebean_2.10.jar:2.2.1]
	at play.api.Play$$anonfun$start$1$$anonfun$apply$mcV$sp$1.apply(Play.scala:88) ~[play_2.10.jar:2.2.1]
	at play.api.Play$$anonfun$start$1$$anonfun$apply$mcV$sp$1.apply(Play.scala:88) ~[play_2.10.jar:2.2.1]
	at scala.collection.immutable.List.foreach(List.scala:318) ~[scala-library.jar:na]
	at play.api.Play$$anonfun$start$1.apply$mcV$sp(Play.scala:88) ~[play_2.10.jar:2.2.1]
	at play.api.Play$$anonfun$start$1.apply(Play.scala:88) ~[play_2.10.jar:2.2.1]
	at play.api.Play$$anonfun$start$1.apply(Play.scala:88) ~[play_2.10.jar:2.2.1]
	at play.utils.Threads$.withContextClassLoader(Threads.scala:18) ~[play_2.10.jar:2.2.1]
	at play.api.Play$.start(Play.scala:87) ~[play_2.10.jar:2.2.1]
	at play.core.ReloadableApplication$$anonfun$get$1$$anonfun$apply$1$$anonfun$1.apply(ApplicationProvider.scala:139) ~[play_2.10.jar:2.2.1]
	... 14 common frames omitted

